Flight Booking project/app/build/intermediates/manifest_merge_blame_file/debug/manifest-merger-blame-debug-report.txt
1<?xml version="1.0" encoding="utf-8"?>
2<manifest xmlns:android="http://schemas.android.com/apk/res/android"
3    package="com.example.user.flight_booking"
4    android:versionCode="1"
5    android:versionName="1.0" >
6
7    <uses-sdk
8        android:minSdkVersion="15"
8-->src/main/AndroidManifest.xml
9        android:targetSdkVersion="24" />
9-->src/main/AndroidManifest.xml
10
11    <uses-permission android:name="android.permission.ACCESS_FINE_LOCATION" />
11-->src/main/AndroidManifest.xml:6:5-79
11-->src/main/AndroidManifest.xml:6:22-76
12    <uses-permission android:name="android.permission.INTERNET" />
12-->src/main/AndroidManifest.xml:7:5-66
12-->src/main/AndroidManifest.xml:7:22-64
13    <uses-permission android:name="com.google.android.providers.gsf.permission.READ_GSERVICES" />
13-->src/main/AndroidManifest.xml:8:5-97
13-->src/main/AndroidManifest.xml:8:22-95
14    <uses-permission android:name="android.permission.ACCESS_COARSE_LOCATION" />
14-->src/main/AndroidManifest.xml:9:5-80
14-->src/main/AndroidManifest.xml:9:22-78
15    <uses-permission android:name="android.permission.ACCESS_FINE_LOCATION" />
15-->src/main/AndroidManifest.xml:6:5-79
15-->src/main/AndroidManifest.xml:6:22-76
16    <uses-permission android:name="android.permission.CALL_PHONE" />
16-->src/main/AndroidManifest.xml:11:5-69
16-->src/main/AndroidManifest.xml:11:22-66
17
18    <!-- Include required permissions for Google Maps API to run. -->
19    <uses-permission android:name="android.permission.ACCESS_NETWORK_STATE" />
19-->[com.google.android.gms:play-services-maps:9.6.1] AndroidManifest.xml:19:5-78
19-->[com.google.android.gms:play-services-maps:9.6.1] AndroidManifest.xml:19:22-76
20
21    <uses-feature
21-->[com.google.android.gms:play-services-maps:9.6.1] AndroidManifest.xml:21:5-77
22        android:glEsVersion="0x00020000"
22-->[com.google.android.gms:play-services-maps:9.6.1] AndroidManifest.xml:21:19-51
23        android:required="true" /> <!-- Optional permission for Analytics to run. -->
23-->[com.google.android.gms:play-services-maps:9.6.1] AndroidManifest.xml:21:52-75
24    <uses-permission android:name="android.permission.WAKE_LOCK" /> <!-- Permissions required for GCM -->
24-->[com.google.android.gms:play-services-analytics:9.6.1] AndroidManifest.xml:24:5-67
24-->[com.google.android.gms:play-services-analytics:9.6.1] AndroidManifest.xml:24:22-65
25    <uses-permission android:name="com.google.android.c2dm.permission.RECEIVE" />
25-->[com.google.android.gms:play-services-gcm:9.6.1] AndroidManifest.xml:20:5-81
25-->[com.google.android.gms:play-services-gcm:9.6.1] AndroidManifest.xml:20:22-79
26
27    <permission
27-->[com.google.firebase:firebase-iid:9.6.1] AndroidManifest.xml:24:5-109
28        android:name="com.example.user.flight_booking.permission.C2D_MESSAGE"
28-->[com.google.firebase:firebase-iid:9.6.1] AndroidManifest.xml:24:17-71
29        android:protectionLevel="signature" />
29-->[com.google.firebase:firebase-iid:9.6.1] AndroidManifest.xml:24:72-107
30
31    <uses-permission android:name="com.example.user.flight_booking.permission.C2D_MESSAGE" />
31-->[com.google.firebase:firebase-iid:9.6.1] AndroidManifest.xml:26:5-78
31-->[com.google.firebase:firebase-iid:9.6.1] AndroidManifest.xml:26:22-76
32
33    <application
33-->src/main/AndroidManifest.xml:14:5-39:19
34        android:allowBackup="true"
34-->src/main/AndroidManifest.xml:15:9-35
35        android:debuggable="true"
36        android:icon="@mipmap/ic_launcher"
36-->src/main/AndroidManifest.xml:16:9-43
37        android:label="@string/app_name"
37-->src/main/AndroidManifest.xml:17:9-41
38        android:supportsRtl="true"
38-->src/main/AndroidManifest.xml:18:9-35
39        android:testOnly="true"
40        android:theme="@style/AppTheme" >
40-->src/main/AndroidManifest.xml:19:9-40
41        <activity android:name="com.example.user.flight_booking.MainActivity" >
41-->src/main/AndroidManifest.xml:20:9-26:12
41-->src/main/AndroidManifest.xml:20:19-47
42            <intent-filter>
42-->src/main/AndroidManifest.xml:21:13-25:29
43                <action android:name="android.intent.action.MAIN" />
43-->src/main/AndroidManifest.xml:22:17-69
43-->src/main/AndroidManifest.xml:22:25-66
44
45                <category android:name="android.intent.category.LAUNCHER" />
45-->src/main/AndroidManifest.xml:23:17-77
45-->src/main/AndroidManifest.xml:23:27-74
46            </intent-filter>
47        </activity>
48        <activity android:name="com.example.user.flight_booking.Book" />
48-->src/main/AndroidManifest.xml:28:13-46
48-->src/main/AndroidManifest.xml:28:23-43
49        <activity android:name="com.example.user.flight_booking.Destinations" />
49-->src/main/AndroidManifest.xml:29:9-50
49-->src/main/AndroidManifest.xml:29:19-47
50        <activity android:name="com.example.user.flight_booking.Contactus" />
50-->src/main/AndroidManifest.xml:31:9-47
50-->src/main/AndroidManifest.xml:31:19-44
51        <activity android:name="com.example.user.flight_booking.Log" />
51-->src/main/AndroidManifest.xml:32:9-41
51-->src/main/AndroidManifest.xml:32:19-38
52        <activity android:name="com.example.user.flight_booking.Share" />
52-->src/main/AndroidManifest.xml:33:9-43
52-->src/main/AndroidManifest.xml:33:19-40
53        <activity android:name="com.example.user.flight_booking.Sign" />
53-->src/main/AndroidManifest.xml:34:9-42
53-->src/main/AndroidManifest.xml:34:19-39
54
55        <receiver android:name="com.google.android.gms.cast.framework.media.MediaIntentReceiver" />
55-->[com.google.android.gms:play-services-cast-framework:9.6.1] AndroidManifest.xml:5:9-99
55-->[com.google.android.gms:play-services-cast-framework:9.6.1] AndroidManifest.xml:5:19-97
56
57        <service android:name="com.google.android.gms.cast.framework.media.MediaNotificationService" />
57-->[com.google.android.gms:play-services-cast-framework:9.6.1] AndroidManifest.xml:6:9-103
57-->[com.google.android.gms:play-services-cast-framework:9.6.1] AndroidManifest.xml:6:18-101
58        <service android:name="com.google.android.gms.cast.framework.ReconnectionService" />
58-->[com.google.android.gms:play-services-cast-framework:9.6.1] AndroidManifest.xml:7:9-92
58-->[com.google.android.gms:play-services-cast-framework:9.6.1] AndroidManifest.xml:7:18-90
59
60        <activity
60-->[com.google.android.gms:play-services-appinvite:9.6.1] AndroidManifest.xml:20:9-25:20
61            android:name="com.google.android.gms.appinvite.PreviewActivity"
61-->[com.google.android.gms:play-services-appinvite:9.6.1] AndroidManifest.xml:20:19-50
62            android:exported="true"
62-->[com.google.android.gms:play-services-appinvite:9.6.1] AndroidManifest.xml:20:51-74
63            android:theme="@style/Theme.AppInvite.Preview" >
63-->[com.google.android.gms:play-services-appinvite:9.6.1] AndroidManifest.xml:20:75-121
64            <intent-filter>
64-->[com.google.android.gms:play-services-appinvite:9.6.1] AndroidManifest.xml:21:13-24:29
65                <action android:name="com.google.android.gms.appinvite.ACTION_PREVIEW" />
65-->[com.google.android.gms:play-services-appinvite:9.6.1] AndroidManifest.xml:22:17-89
65-->[com.google.android.gms:play-services-appinvite:9.6.1] AndroidManifest.xml:22:25-87
66
67                <category android:name="android.intent.category.DEFAULT" />
67-->[com.google.android.gms:play-services-appinvite:9.6.1] AndroidManifest.xml:23:17-75
67-->[com.google.android.gms:play-services-appinvite:9.6.1] AndroidManifest.xml:23:27-73
68            </intent-filter>
69        </activity>
70        <activity
70-->[com.google.android.gms:play-services-auth:9.6.1] AndroidManifest.xml:20:9-189
71            android:name="com.google.android.gms.auth.api.signin.internal.SignInHubActivity"
71-->[com.google.android.gms:play-services-auth:9.6.1] AndroidManifest.xml:20:19-68
72            android:excludeFromRecents="true"
72-->[com.google.android.gms:play-services-auth:9.6.1] AndroidManifest.xml:20:129-162
73            android:exported="false"
73-->[com.google.android.gms:play-services-auth:9.6.1] AndroidManifest.xml:20:163-187
74            android:theme="@android:style/Theme.Translucent.NoTitleBar" />
74-->[com.google.android.gms:play-services-auth:9.6.1] AndroidManifest.xml:20:69-128
75        <!--
76Service handling Google Sign-In user revocation. For apps that do not integrate with
77            Google Sign-In, this service will never be started.
78        -->
79        <service
79-->[com.google.android.gms:play-services-auth:9.6.1] AndroidManifest.xml:24:9-184
80            android:name="com.google.android.gms.auth.api.signin.RevocationBoundService"
80-->[com.google.android.gms:play-services-auth:9.6.1] AndroidManifest.xml:24:18-63
81            android:exported="true"
81-->[com.google.android.gms:play-services-auth:9.6.1] AndroidManifest.xml:24:64-87
82            android:permission="com.google.android.gms.auth.api.signin.permission.REVOCATION_NOTIFICATION" />
82-->[com.google.android.gms:play-services-auth:9.6.1] AndroidManifest.xml:24:88-182
83
84        <activity
84-->[com.google.android.gms:play-services-base:9.6.1] AndroidManifest.xml:19:9-172
85            android:name="com.google.android.gms.common.api.GoogleApiActivity"
85-->[com.google.android.gms:play-services-base:9.6.1] AndroidManifest.xml:19:19-85
86            android:exported="false"
86-->[com.google.android.gms:play-services-base:9.6.1] AndroidManifest.xml:19:146-170
87            android:theme="@android:style/Theme.Translucent.NoTitleBar" /> <!-- Include the AdActivity and InAppPurchaseActivity configChanges and themes. -->
87-->[com.google.android.gms:play-services-base:9.6.1] AndroidManifest.xml:19:86-145
88        <activity
88-->[com.google.android.gms:play-services-ads-lite:9.6.1] AndroidManifest.xml:25:9-232
89            android:name="com.google.android.gms.ads.AdActivity"
89-->[com.google.android.gms:play-services-ads-lite:9.6.1] AndroidManifest.xml:25:19-71
90            android:configChanges="keyboard|keyboardHidden|orientation|screenLayout|uiMode|screenSize|smallestScreenSize"
90-->[com.google.android.gms:play-services-ads-lite:9.6.1] AndroidManifest.xml:25:72-181
91            android:theme="@android:style/Theme.Translucent" />
91-->[com.google.android.gms:play-services-ads-lite:9.6.1] AndroidManifest.xml:25:182-230
92        <activity
92-->[com.google.android.gms:play-services-ads-lite:9.6.1] AndroidManifest.xml:26:9-131
93            android:name="com.google.android.gms.ads.purchase.InAppPurchaseActivity"
93-->[com.google.android.gms:play-services-ads-lite:9.6.1] AndroidManifest.xml:26:19-91
94            android:theme="@style/Theme.IAPTheme" />
94-->[com.google.android.gms:play-services-ads-lite:9.6.1] AndroidManifest.xml:26:92-129
95
96        <service
96-->[com.google.firebase:firebase-crash:9.6.1] AndroidManifest.xml:24:9-117
97            android:name="com.google.firebase.crash.internal.service.FirebaseCrashReceiverService"
97-->[com.google.firebase:firebase-crash:9.6.1] AndroidManifest.xml:24:18-79
98            android:process=":background_crash" />
98-->[com.google.firebase:firebase-crash:9.6.1] AndroidManifest.xml:24:80-115
99        <service
99-->[com.google.firebase:firebase-crash:9.6.1] AndroidManifest.xml:26:9-115
100            android:name="com.google.firebase.crash.internal.service.FirebaseCrashSenderService"
100-->[com.google.firebase:firebase-crash:9.6.1] AndroidManifest.xml:26:18-77
101            android:process=":background_crash" />
101-->[com.google.firebase:firebase-crash:9.6.1] AndroidManifest.xml:26:78-113
102        <!--
103 FirebaseMessagingService performs security checks at runtime,
104             no need for explicit permissions despite exported="true"
105        -->
106        <service
106-->[com.google.firebase:firebase-messaging:9.6.1] AndroidManifest.xml:23:9-27:19
107            android:name="com.google.firebase.messaging.FirebaseMessagingService"
107-->[com.google.firebase:firebase-messaging:9.6.1] AndroidManifest.xml:23:18-87
108            android:exported="true" >
108-->[com.google.firebase:firebase-messaging:9.6.1] AndroidManifest.xml:23:88-111
109            <intent-filter android:priority="-500" >
109-->[com.google.firebase:firebase-messaging:9.6.1] AndroidManifest.xml:24:13-26:29
109-->[com.google.firebase:firebase-messaging:9.6.1] AndroidManifest.xml:24:28-51
110                <action android:name="com.google.firebase.MESSAGING_EVENT" />
110-->[com.google.firebase:firebase-messaging:9.6.1] AndroidManifest.xml:25:17-77
110-->[com.google.firebase:firebase-messaging:9.6.1] AndroidManifest.xml:25:25-75
111            </intent-filter>
112        </service>
113        <service
113-->[com.google.android.gms:play-services-tagmanager-api:9.6.1] AndroidManifest.xml:24:9-134
114            android:name="com.google.android.gms.tagmanager.TagManagerService"
114-->[com.google.android.gms:play-services-tagmanager-api:9.6.1] AndroidManifest.xml:24:18-84
115            android:enabled="true"
115-->[com.google.android.gms:play-services-tagmanager-api:9.6.1] AndroidManifest.xml:24:110-132
116            android:exported="false" />
116-->[com.google.android.gms:play-services-tagmanager-api:9.6.1] AndroidManifest.xml:24:85-109
117
118        <activity
118-->[com.google.android.gms:play-services-tagmanager-api:9.6.1] AndroidManifest.xml:25:9-32:20
119            android:name="com.google.android.gms.tagmanager.TagManagerPreviewActivity"
119-->[com.google.android.gms:play-services-tagmanager-api:9.6.1] AndroidManifest.xml:25:19-93
120            android:noHistory="true" > <!-- optional, removes the previewActivity from the activity stack. -->
120-->[com.google.android.gms:play-services-tagmanager-api:9.6.1] AndroidManifest.xml:25:94-118
121            <intent-filter>
121-->[com.google.android.gms:play-services-tagmanager-api:9.6.1] AndroidManifest.xml:26:13-31:29
122                <data android:scheme="tagmanager.c.com.example.user.flight_booking" />
122-->[com.google.android.gms:play-services-tagmanager-api:9.6.1] AndroidManifest.xml:27:17-71
122-->[com.google.android.gms:play-services-tagmanager-api:9.6.1] AndroidManifest.xml:27:23-69
123
124                <action android:name="android.intent.action.VIEW" />
124-->[com.google.android.gms:play-services-tagmanager-api:9.6.1] AndroidManifest.xml:28:17-68
124-->[com.google.android.gms:play-services-tagmanager-api:9.6.1] AndroidManifest.xml:28:25-66
125
126                <category android:name="android.intent.category.DEFAULT" />
126-->[com.google.android.gms:play-services-appinvite:9.6.1] AndroidManifest.xml:23:17-75
126-->[com.google.android.gms:play-services-appinvite:9.6.1] AndroidManifest.xml:23:27-73
127                <category android:name="android.intent.category.BROWSABLE" />
127-->[com.google.android.gms:play-services-tagmanager-api:9.6.1] AndroidManifest.xml:30:17-77
127-->[com.google.android.gms:play-services-tagmanager-api:9.6.1] AndroidManifest.xml:30:27-75
128            </intent-filter>
129        </activity>
130
131        <receiver
131-->[com.google.firebase:firebase-analytics:9.6.1] AndroidManifest.xml:25:7-26:18
132            android:name="com.google.android.gms.measurement.AppMeasurementReceiver"
132-->[com.google.firebase:firebase-analytics:9.6.1] AndroidManifest.xml:25:17-89
133            android:enabled="true"
133-->[com.google.firebase:firebase-analytics:9.6.1] AndroidManifest.xml:25:90-112
134            android:exported="false" >
134-->[com.google.firebase:firebase-analytics:9.6.1] AndroidManifest.xml:25:113-137
135        </receiver>
136        <receiver
136-->[com.google.firebase:firebase-analytics:9.6.1] AndroidManifest.xml:27:7-31:18
137            android:name="com.google.android.gms.measurement.AppMeasurementInstallReferrerReceiver"
137-->[com.google.firebase:firebase-analytics:9.6.1] AndroidManifest.xml:27:17-104
138            android:enabled="true"
138-->[com.google.firebase:firebase-analytics:9.6.1] AndroidManifest.xml:27:162-184
139            android:permission="android.permission.INSTALL_PACKAGES" >
139-->[com.google.firebase:firebase-analytics:9.6.1] AndroidManifest.xml:27:105-161
140            <intent-filter>
140-->[com.google.firebase:firebase-analytics:9.6.1] AndroidManifest.xml:28:11-30:27
141                <action android:name="com.android.vending.INSTALL_REFERRER" />
141-->[com.google.firebase:firebase-analytics:9.6.1] AndroidManifest.xml:29:15-76
141-->[com.google.firebase:firebase-analytics:9.6.1] AndroidManifest.xml:29:23-74
142            </intent-filter>
143        </receiver>
144
145        <service
145-->[com.google.firebase:firebase-analytics:9.6.1] AndroidManifest.xml:32:7-137
146            android:name="com.google.android.gms.measurement.AppMeasurementService"
146-->[com.google.firebase:firebase-analytics:9.6.1] AndroidManifest.xml:32:16-87
147            android:enabled="true"
147-->[com.google.firebase:firebase-analytics:9.6.1] AndroidManifest.xml:32:88-110
148            android:exported="false" />
148-->[com.google.firebase:firebase-analytics:9.6.1] AndroidManifest.xml:32:111-135
149
150        <receiver
150-->[com.google.firebase:firebase-iid:9.6.1] AndroidManifest.xml:30:9-36:20
151            android:name="com.google.firebase.iid.FirebaseInstanceIdReceiver"
151-->[com.google.firebase:firebase-iid:9.6.1] AndroidManifest.xml:30:19-84
152            android:exported="true"
152-->[com.google.firebase:firebase-iid:9.6.1] AndroidManifest.xml:30:85-108
153            android:permission="com.google.android.c2dm.permission.SEND" >
153-->[com.google.firebase:firebase-iid:9.6.1] AndroidManifest.xml:30:109-169
154            <intent-filter>
154-->[com.google.firebase:firebase-iid:9.6.1] AndroidManifest.xml:31:13-35:29
155                <action android:name="com.google.android.c2dm.intent.RECEIVE" />
155-->[com.google.firebase:firebase-iid:9.6.1] AndroidManifest.xml:32:17-80
155-->[com.google.firebase:firebase-iid:9.6.1] AndroidManifest.xml:32:25-78
156                <action android:name="com.google.android.c2dm.intent.REGISTRATION" />
156-->[com.google.firebase:firebase-iid:9.6.1] AndroidManifest.xml:33:17-85
156-->[com.google.firebase:firebase-iid:9.6.1] AndroidManifest.xml:33:25-83
157
158                <category android:name="com.example.user.flight_booking" />
158-->[com.google.firebase:firebase-iid:9.6.1] AndroidManifest.xml:34:17-60
158-->[com.google.firebase:firebase-iid:9.6.1] AndroidManifest.xml:34:27-58
159            </intent-filter>
160        </receiver>
161        <!--
162 Internal (not exported) receiver used by the app to start its own exported services
163             without risk of being spoofed.
164        -->
165        <receiver
165-->[com.google.firebase:firebase-iid:9.6.1] AndroidManifest.xml:40:9-119
166            android:name="com.google.firebase.iid.FirebaseInstanceIdInternalReceiver"
166-->[com.google.firebase:firebase-iid:9.6.1] AndroidManifest.xml:40:19-92
167            android:exported="false" />
167-->[com.google.firebase:firebase-iid:9.6.1] AndroidManifest.xml:40:93-117
168        <!--
169 FirebaseInstanceIdService performs security checks at runtime,
170             no need for explicit permissions despite exported="true"
171        -->
172        <service
172-->[com.google.firebase:firebase-iid:9.6.1] AndroidManifest.xml:44:9-48:19
173            android:name="com.google.firebase.iid.FirebaseInstanceIdService"
173-->[com.google.firebase:firebase-iid:9.6.1] AndroidManifest.xml:44:18-82
174            android:exported="true" >
174-->[com.google.firebase:firebase-iid:9.6.1] AndroidManifest.xml:44:83-106
175            <intent-filter android:priority="-500" >
175-->[com.google.firebase:firebase-iid:9.6.1] AndroidManifest.xml:45:13-47:29
175-->[com.google.firebase:firebase-iid:9.6.1] AndroidManifest.xml:45:28-51
176                <action android:name="com.google.firebase.INSTANCE_ID_EVENT" />
176-->[com.google.firebase:firebase-iid:9.6.1] AndroidManifest.xml:46:17-79
176-->[com.google.firebase:firebase-iid:9.6.1] AndroidManifest.xml:46:25-77
177            </intent-filter>
178        </service>
179
180        <provider
180-->[com.google.firebase:firebase-common:9.6.1] AndroidManifest.xml:6:9-175
181            android:name="com.google.firebase.provider.FirebaseInitProvider"
181-->[com.google.firebase:firebase-common:9.6.1] AndroidManifest.xml:6:79-124
182            android:authorities="com.example.user.flight_booking.firebaseinitprovider"
182-->[com.google.firebase:firebase-common:9.6.1] AndroidManifest.xml:6:19-78
183            android:exported="false"
183-->[com.google.firebase:firebase-common:9.6.1] AndroidManifest.xml:6:125-149
184            android:initOrder="100" />
184-->[com.google.firebase:firebase-common:9.6.1] AndroidManifest.xml:6:150-173
185
186        <meta-data
186-->[com.google.android.gms:play-services-basement:9.6.1] AndroidManifest.xml:20:9-121
187            android:name="com.google.android.gms.version"
187-->[com.google.android.gms:play-services-basement:9.6.1] AndroidManifest.xml:20:20-65
188            android:value="@integer/google_play_services_version" />
188-->[com.google.android.gms:play-services-basement:9.6.1] AndroidManifest.xml:20:66-119
189    </application>
190
191</manifest>